0 info it worked if it ends with ok
1 verbose cli [ '/usr/local/bin/iojs', '/usr/local/bin/npm', 'publish' ]
2 info using npm@3.3.12
3 info using node@v5.2.0
4 verbose publish [ '.' ]
5 silly cache add args [ '.', null ]
6 verbose cache add spec .
7 silly cache add parsed spec Result {
7 silly cache add   raw: '.',
7 silly cache add   scope: null,
7 silly cache add   name: null,
7 silly cache add   rawSpec: '.',
7 silly cache add   spec: '/Users/account/helloworld',
7 silly cache add   type: 'directory' }
8 verbose addLocalDirectory /Users/account/.npm/helloworld/1.0.0/package.tgz not in flight; packing
9 info lifecycle helloworld@1.0.0~prepublish: helloworld@1.0.0
10 silly lifecycle helloworld@1.0.0~prepublish: no script for prepublish, continuing
11 verbose tar pack [ '/Users/account/.npm/helloworld/1.0.0/package.tgz',
11 verbose tar pack   '/Users/account/helloworld' ]
12 verbose tarball /Users/account/.npm/helloworld/1.0.0/package.tgz
13 verbose folder /Users/account/helloworld
14 verbose addLocalTarball adding from inside cache /Users/account/.npm/helloworld/1.0.0/package.tgz
15 silly cache afterAdd helloworld@1.0.0
16 verbose afterAdd /Users/account/.npm/helloworld/1.0.0/package/package.json not in flight; writing
17 verbose afterAdd /Users/account/.npm/helloworld/1.0.0/package/package.json written
18 silly publish { name: 'helloworld',
18 silly publish   version: '1.0.0',
18 silly publish   description: 'npm hello world',
18 silly publish   main: 'index.js',
18 silly publish   scripts: { test: 'make test' },
18 silly publish   repository:
18 silly publish    { type: 'git',
18 silly publish      url: 'https://github.com/miles990/helloworld.git' },
18 silly publish   keywords: [ 'helloworld' ],
18 silly publish   author: { name: 'miles990' },
18 silly publish   license: 'MIT',
18 silly publish   bugs: { url: 'https://github.com/miles990/helloworld/issues' },
18 silly publish   homepage: 'https://github.com/miles990/helloworld',
18 silly publish   readme: '# helloworld\nnpm hello world\n',
18 silly publish   readmeFilename: 'README.md',
18 silly publish   gitHead: '52f20ffdbaafde4db13476ade006c9eadf1be0fd',
18 silly publish   _id: 'helloworld@1.0.0',
18 silly publish   _shasum: 'f0fb3261a457d6a0c60df3e099e5fc63c04b0fdb',
18 silly publish   _from: '.' }
19 verbose getPublishConfig undefined
20 silly mapToRegistry name helloworld
21 silly mapToRegistry using default registry
22 silly mapToRegistry registry http://localhost:4873/
23 silly mapToRegistry uri http://localhost:4873/helloworld
24 verbose publish registryBase http://localhost:4873/
25 silly publish uploading /Users/account/.npm/helloworld/1.0.0/package.tgz
26 verbose request uri http://localhost:4873/helloworld
27 verbose request sending authorization for write operation
28 info attempt registry request try #1 at 18:11:56
29 verbose request using bearer token for auth
30 verbose request id fdac9b5930a6da11
31 http request PUT http://localhost:4873/helloworld
32 http 409 http://localhost:4873/helloworld
33 verbose headers { 'x-powered-by': 'Sinopia/1.4.0',
33 verbose headers   'content-type': 'application/json; charset=utf-8',
33 verbose headers   'content-length': '49',
33 verbose headers   vary: 'Accept-Encoding',
33 verbose headers   'x-status-cat': 'http://flic.kr/p/aV6jzz',
33 verbose headers   date: 'Thu, 04 Feb 2016 10:11:57 GMT',
33 verbose headers   connection: 'keep-alive' }
34 verbose request invalidating /Users/account/.npm/localhost_4873/helloworld on PUT
35 verbose request uri http://localhost:4873/helloworld?write=true
36 verbose request no auth needed
37 info attempt registry request try #1 at 18:11:57
38 verbose request using bearer token for auth
39 http request GET http://localhost:4873/helloworld?write=true
40 http 200 http://localhost:4873/helloworld?write=true
41 verbose headers { 'x-powered-by': 'Sinopia/1.4.0',
41 verbose headers   'content-type': 'application/json; charset=utf-8',
41 verbose headers   etag: '"b1f0aa7196d95afba62563dfcab2d2f1"',
41 verbose headers   vary: 'Accept-Encoding',
41 verbose headers   'content-encoding': 'gzip',
41 verbose headers   'x-status-cat': 'http://flic.kr/p/aVuVsF',
41 verbose headers   date: 'Thu, 04 Feb 2016 10:11:58 GMT',
41 verbose headers   connection: 'keep-alive',
41 verbose headers   'transfer-encoding': 'chunked' }
42 verbose stack Error: cannot modify pre-existing version
42 verbose stack     at conflictError (/usr/local/lib/node_modules/npm/node_modules/npm-registry-client/lib/publish.js:182:11)
42 verbose stack     at CachingRegistryClient.putNext (/usr/local/lib/node_modules/npm/node_modules/npm-registry-client/lib/publish.js:145:15)
42 verbose stack     at /usr/local/lib/node_modules/npm/node_modules/npm-registry-client/lib/publish.js:128:15
42 verbose stack     at /usr/local/lib/node_modules/npm/lib/cache/caching-client.js:53:8
42 verbose stack     at f (/usr/local/lib/node_modules/npm/node_modules/once/once.js:17:25)
42 verbose stack     at /usr/local/lib/node_modules/npm/node_modules/npm-registry-client/lib/request.js:76:16
42 verbose stack     at f (/usr/local/lib/node_modules/npm/node_modules/once/once.js:17:25)
42 verbose stack     at CachingRegistryClient.<anonymous> (/usr/local/lib/node_modules/npm/node_modules/npm-registry-client/lib/request.js:259:12)
42 verbose stack     at /usr/local/lib/node_modules/npm/node_modules/npm-registry-client/lib/request.js:178:7
42 verbose stack     at Gunzip.onEnd (zlib.js:228:5)
43 verbose pkgid helloworld
44 verbose cwd /Users/account/helloworld
45 error Darwin 14.5.0
46 error argv "/usr/local/bin/iojs" "/usr/local/bin/npm" "publish"
47 error node v5.2.0
48 error npm  v3.3.12
49 error code EPUBLISHCONFLICT
50 error publish fail Cannot publish over existing version.
50 error publish fail Update the 'version' field in package.json and try again.
50 error publish fail
50 error publish fail To automatically increment version numbers, see:
50 error publish fail     npm help version
51 verbose exit [ 1, true ]
